<?xml version="1.0" encoding="UTF-8"?>
<!-- Generated by org.testng.reporters.JUnitXMLReporter -->
<testsuite ignored="11" hostname="DESKTOP-1US4P5B" failures="0" tests="1" name="Default test" time="9.998" errors="0" timestamp="2021-10-14T20:39:02 IST">
  <testcase classname="com.rahulshetty.Basics" name="datePick" time="7.939"/>
  <testcase classname="com.rahulshetty.Basics" name="tc2" time="0.0">
    <ignored/>
  </testcase> <!-- tc2 -->
  <testcase classname="com.rahulshetty.Basics" name="tc3" time="0.0">
    <ignored/>
  </testcase> <!-- tc3 -->
  <testcase classname="com.rahulshetty.Basics" name="rc10" time="0.0">
    <ignored/>
  </testcase> <!-- rc10 -->
  <testcase classname="com.rahulshetty.Basics" name="tc4" time="0.0">
    <ignored/>
  </testcase> <!-- tc4 -->
  <testcase classname="com.rahulshetty.Basics" name="tc12" time="0.0">
    <ignored/>
  </testcase> <!-- tc12 -->
  <testcase classname="com.rahulshetty.Basics" name="tc5" time="0.0">
    <ignored/>
  </testcase> <!-- tc5 -->
  <testcase classname="com.rahulshetty.Basics" name="tc1" time="0.0">
    <ignored/>
  </testcase> <!-- tc1 -->
  <testcase classname="com.rahulshetty.Basics" name="tc6" time="0.0">
    <ignored/>
  </testcase> <!-- tc6 -->
  <testcase classname="com.rahulshetty.Basics" name="tc7" time="0.0">
    <ignored/>
  </testcase> <!-- tc7 -->
  <testcase classname="com.rahulshetty.Basics" name="rc010" time="0.0">
    <ignored/>
  </testcase> <!-- rc010 -->
  <testcase classname="com.rahulshetty.Basics" name="tc9" time="0.0">
    <ignored/>
  </testcase> <!-- tc9 -->
</testsuite> <!-- Default test -->
